<?xml version="1.0" encoding="UTF-8"?>
<!-- Generated by org.testng.reporters.JUnitReportReporter -->
<testsuite hostname="DhruvPrajapati" failures="0" tests="7" name="test.SearchRecordsTest" time="78.499" errors="0" timestamp="2026-02-12T12:11:18 IST" skipped="0">
  <testcase classname="test.SearchRecordsTest" name="searchTeam" time="13.581"/>
  <testcase classname="test.SearchRecordsTest" name="searchPlan" time="10.781"/>
  <testcase classname="test.SearchRecordsTest" name="searchSessions" time="14.144"/>
  <testcase classname="test.SearchRecordsTest" name="searchMyDrill" time="13.223"/>
  <testcase classname="test.SearchRecordsTest" name="searchPlayBook" time="11.982"/>
  <testcase classname="test.SearchRecordsTest" name="searchMyPlays" time="9.595"/>
  <testcase classname="test.SearchRecordsTest" name="searchInvitedCoach" time="5.193"/>
</testsuite> <!-- test.SearchRecordsTest -->
